INFO - 2024-11-27 05:07:52 --> Session: Class initialized using 'CodeIgniter\Session\Handlers\FileHandler' driver.
INFO - 2024-11-27 05:07:57 --> Session: Class initialized using 'CodeIgniter\Session\Handlers\FileHandler' driver.
ERROR - 2024-11-27 05:08:01 --> Error connecting to the database: mysqli_sql_exception: No connection could be made because the target machine actively refused it in C:\xampp\htdocs\ddcproject\system\Database\MySQLi\Connection.php:186
Stack trace:
#0 C:\xampp\htdocs\ddcproject\system\Database\MySQLi\Connection.php(186): mysqli->real_connect('localhost', 'root', Object(SensitiveParameterValue), 'ddcproject', 3306, '', 0)
#1 C:\xampp\htdocs\ddcproject\system\Database\BaseConnection.php(421): CodeIgniter\Database\MySQLi\Connection->connect(false)
#2 C:\xampp\htdocs\ddcproject\system\Database\BaseConnection.php(616): CodeIgniter\Database\BaseConnection->initialize()
#3 C:\xampp\htdocs\ddcproject\system\Database\BaseBuilder.php(1644): CodeIgniter\Database\BaseConnection->query('SELECT *\nFROM `...', Array, false)
#4 C:\xampp\htdocs\ddcproject\system\Model.php(330): CodeIgniter\Database\BaseBuilder->get()
#5 C:\xampp\htdocs\ddcproject\system\BaseModel.php(714): CodeIgniter\Model->doFirst()
#6 C:\xampp\htdocs\ddcproject\app\Controllers\Admin.php(27): CodeIgniter\BaseModel->first()
#7 C:\xampp\htdocs\ddcproject\system\CodeIgniter.php(933): App\Controllers\Admin->login()
#8 C:\xampp\htdocs\ddcproject\system\CodeIgniter.php(509): CodeIgniter\CodeIgniter->runController(Object(App\Controllers\Admin))
#9 C:\xampp\htdocs\ddcproject\system\CodeIgniter.php(355): CodeIgniter\CodeIgniter->handleRequest(NULL, Object(Config\Cache), false)
#10 C:\xampp\htdocs\ddcproject\system\Boot.php(325): CodeIgniter\CodeIgniter->run()
#11 C:\xampp\htdocs\ddcproject\system\Boot.php(67): CodeIgniter\Boot::runCodeIgniter(Object(CodeIgniter\CodeIgniter))
#12 C:\xampp\htdocs\ddcproject\index.php(56): CodeIgniter\Boot::bootWeb(Object(Config\Paths))
#13 {main}

Next CodeIgniter\Database\Exceptions\DatabaseException: No connection could be made because the target machine actively refused it in C:\xampp\htdocs\ddcproject\system\Database\MySQLi\Connection.php:231
Stack trace:
#0 C:\xampp\htdocs\ddcproject\system\Database\BaseConnection.php(421): CodeIgniter\Database\MySQLi\Connection->connect(false)
#1 C:\xampp\htdocs\ddcproject\system\Database\BaseConnection.php(616): CodeIgniter\Database\BaseConnection->initialize()
#2 C:\xampp\htdocs\ddcproject\system\Database\BaseBuilder.php(1644): CodeIgniter\Database\BaseConnection->query('SELECT *\nFROM `...', Array, false)
#3 C:\xampp\htdocs\ddcproject\system\Model.php(330): CodeIgniter\Database\BaseBuilder->get()
#4 C:\xampp\htdocs\ddcproject\system\BaseModel.php(714): CodeIgniter\Model->doFirst()
#5 C:\xampp\htdocs\ddcproject\app\Controllers\Admin.php(27): CodeIgniter\BaseModel->first()
#6 C:\xampp\htdocs\ddcproject\system\CodeIgniter.php(933): App\Controllers\Admin->login()
#7 C:\xampp\htdocs\ddcproject\system\CodeIgniter.php(509): CodeIgniter\CodeIgniter->runController(Object(App\Controllers\Admin))
#8 C:\xampp\htdocs\ddcproject\system\CodeIgniter.php(355): CodeIgniter\CodeIgniter->handleRequest(NULL, Object(Config\Cache), false)
#9 C:\xampp\htdocs\ddcproject\system\Boot.php(325): CodeIgniter\CodeIgniter->run()
#10 C:\xampp\htdocs\ddcproject\system\Boot.php(67): CodeIgniter\Boot::runCodeIgniter(Object(CodeIgniter\CodeIgniter))
#11 C:\xampp\htdocs\ddcproject\index.php(56): CodeIgniter\Boot::bootWeb(Object(Config\Paths))
#12 {main}
CRITICAL - 2024-11-27 05:08:01 --> CodeIgniter\Database\Exceptions\DatabaseException: Unable to connect to the database.
Main connection [MySQLi]: No connection could be made because the target machine actively refused it
[Method: POST, Route: admin/login]
in SYSTEMPATH\Database\BaseConnection.php on line 467.
 1 SYSTEMPATH\Database\BaseConnection.php(616): CodeIgniter\Database\BaseConnection->initialize()
 2 SYSTEMPATH\Database\BaseBuilder.php(1644): CodeIgniter\Database\BaseConnection->query('SELECT *
FROM `admin_info`
WHERE `email` = :email:
 LIMIT 1', [...], false)
 3 SYSTEMPATH\Model.php(330): CodeIgniter\Database\BaseBuilder->get()
 4 SYSTEMPATH\BaseModel.php(714): CodeIgniter\Model->doFirst()
 5 APPPATH\Controllers\Admin.php(27): CodeIgniter\BaseModel->first()
 6 SYSTEMPATH\CodeIgniter.php(933): App\Controllers\Admin->login()
 7 SYSTEMPATH\CodeIgniter.php(509): CodeIgniter\CodeIgniter->runController(Object(App\Controllers\Admin))
 8 SYSTEMPATH\CodeIgniter.php(355): CodeIgniter\CodeIgniter->handleRequest(null, Object(Config\Cache), false)
 9 SYSTEMPATH\Boot.php(325): CodeIgniter\CodeIgniter->run()
10 SYSTEMPATH\Boot.php(67): CodeIgniter\Boot::runCodeIgniter(Object(CodeIgniter\CodeIgniter))
11 FCPATH\index.php(56): CodeIgniter\Boot::bootWeb(Object(Config\Paths))
INFO - 2024-11-27 05:08:10 --> Session: Class initialized using 'CodeIgniter\Session\Handlers\FileHandler' driver.
INFO - 2024-11-27 05:08:14 --> Session: Class initialized using 'CodeIgniter\Session\Handlers\FileHandler' driver.
CRITICAL - 2024-11-27 05:21:24 --> ErrorException: Undefined array key ""
[Method: GET, Route: admin/dashboard]
in APPPATH\Views\admin_view\dashboard.php on line 186.
 1 APPPATH\Views\admin_view\dashboard.php(186): CodeIgniter\Debug\Exceptions->errorHandler(2, 'Undefined array key ""', 'C:\\xampp\\htdocs\\ddcproject\\app\\Views\\admin_view\\dashboard.php', 186)
 2 SYSTEMPATH\View\View.php(234): include('C:\\xampp\\htdocs\\ddcproject\\app\\Views\\admin_view\\dashboard.php')
 3 SYSTEMPATH\View\View.php(237): CodeIgniter\View\View->CodeIgniter\View\{closure}()
 4 SYSTEMPATH\Common.php(1171): CodeIgniter\View\View->render('admin_view/dashboard', [], true)
 5 APPPATH\Controllers\Admin.php(57): view('admin_view/dashboard', [...])
 6 SYSTEMPATH\CodeIgniter.php(933): App\Controllers\Admin->dashboard()
 7 SYSTEMPATH\CodeIgniter.php(509): CodeIgniter\CodeIgniter->runController(Object(App\Controllers\Admin))
 8 SYSTEMPATH\CodeIgniter.php(355): CodeIgniter\CodeIgniter->handleRequest(null, Object(Config\Cache), false)
 9 SYSTEMPATH\Boot.php(325): CodeIgniter\CodeIgniter->run()
10 SYSTEMPATH\Boot.php(67): CodeIgniter\Boot::runCodeIgniter(Object(CodeIgniter\CodeIgniter))
11 FCPATH\index.php(56): CodeIgniter\Boot::bootWeb(Object(Config\Paths))
CRITICAL - 2024-11-27 05:21:56 --> ErrorException: Undefined array key "prog_ids"
[Method: GET, Route: admin/dashboard]
in APPPATH\Views\admin_view\dashboard.php on line 186.
 1 APPPATH\Views\admin_view\dashboard.php(186): CodeIgniter\Debug\Exceptions->errorHandler(2, 'Undefined array key "prog_ids"', 'C:\\xampp\\htdocs\\ddcproject\\app\\Views\\admin_view\\dashboard.php', 186)
 2 SYSTEMPATH\View\View.php(234): include('C:\\xampp\\htdocs\\ddcproject\\app\\Views\\admin_view\\dashboard.php')
 3 SYSTEMPATH\View\View.php(237): CodeIgniter\View\View->CodeIgniter\View\{closure}()
 4 SYSTEMPATH\Common.php(1171): CodeIgniter\View\View->render('admin_view/dashboard', [], true)
 5 APPPATH\Controllers\Admin.php(57): view('admin_view/dashboard', [...])
 6 SYSTEMPATH\CodeIgniter.php(933): App\Controllers\Admin->dashboard()
 7 SYSTEMPATH\CodeIgniter.php(509): CodeIgniter\CodeIgniter->runController(Object(App\Controllers\Admin))
 8 SYSTEMPATH\CodeIgniter.php(355): CodeIgniter\CodeIgniter->handleRequest(null, Object(Config\Cache), false)
 9 SYSTEMPATH\Boot.php(325): CodeIgniter\CodeIgniter->run()
10 SYSTEMPATH\Boot.php(67): CodeIgniter\Boot::runCodeIgniter(Object(CodeIgniter\CodeIgniter))
11 FCPATH\index.php(56): CodeIgniter\Boot::bootWeb(Object(Config\Paths))
INFO - 2024-11-27 05:38:02 --> Session: Class initialized using 'CodeIgniter\Session\Handlers\FileHandler' driver.
INFO - 2024-11-27 05:39:21 --> Session: Class initialized using 'CodeIgniter\Session\Handlers\FileHandler' driver.
INFO - 2024-11-27 05:39:55 --> Session: Class initialized using 'CodeIgniter\Session\Handlers\FileHandler' driver.
INFO - 2024-11-27 05:40:12 --> Session: Class initialized using 'CodeIgniter\Session\Handlers\FileHandler' driver.
INFO - 2024-11-27 05:40:19 --> Session: Class initialized using 'CodeIgniter\Session\Handlers\FileHandler' driver.
INFO - 2024-11-27 05:40:19 --> Session: Class initialized using 'CodeIgniter\Session\Handlers\FileHandler' driver.
INFO - 2024-11-27 05:40:36 --> Session: Class initialized using 'CodeIgniter\Session\Handlers\FileHandler' driver.
INFO - 2024-11-27 05:41:09 --> Session: Class initialized using 'CodeIgniter\Session\Handlers\FileHandler' driver.
INFO - 2024-11-27 05:42:22 --> Session: Class initialized using 'CodeIgniter\Session\Handlers\FileHandler' driver.
INFO - 2024-11-27 05:43:04 --> Session: Class initialized using 'CodeIgniter\Session\Handlers\FileHandler' driver.
INFO - 2024-11-27 05:48:33 --> Session: Class initialized using 'CodeIgniter\Session\Handlers\FileHandler' driver.
INFO - 2024-11-27 06:32:41 --> Session: Class initialized using 'CodeIgniter\Session\Handlers\FileHandler' driver.
INFO - 2024-11-27 06:33:16 --> Session: Class initialized using 'CodeIgniter\Session\Handlers\FileHandler' driver.
INFO - 2024-11-27 06:52:03 --> Session: Class initialized using 'CodeIgniter\Session\Handlers\FileHandler' driver.
INFO - 2024-11-27 06:52:08 --> Session: Class initialized using 'CodeIgniter\Session\Handlers\FileHandler' driver.
INFO - 2024-11-27 06:52:50 --> Session: Class initialized using 'CodeIgniter\Session\Handlers\FileHandler' driver.
INFO - 2024-11-27 06:53:28 --> Session: Class initialized using 'CodeIgniter\Session\Handlers\FileHandler' driver.
CRITICAL - 2024-11-27 07:19:52 --> ErrorException: Undefined variable $file
[Method: GET, Route: admin/get-data-for-update]
in APPPATH\Controllers\Admin.php on line 235.
 1 APPPATH\Controllers\Admin.php(235): CodeIgniter\Debug\Exceptions->errorHandler(2, 'Undefined variable $file', 'C:\\xampp\\htdocs\\ddcproject\\app\\Controllers\\Admin.php', 235)
 2 SYSTEMPATH\CodeIgniter.php(933): App\Controllers\Admin->updateRecord()
 3 SYSTEMPATH\CodeIgniter.php(509): CodeIgniter\CodeIgniter->runController(Object(App\Controllers\Admin))
 4 SYSTEMPATH\CodeIgniter.php(355): CodeIgniter\CodeIgniter->handleRequest(null, Object(Config\Cache), false)
 5 SYSTEMPATH\Boot.php(325): CodeIgniter\CodeIgniter->run()
 6 SYSTEMPATH\Boot.php(67): CodeIgniter\Boot::runCodeIgniter(Object(CodeIgniter\CodeIgniter))
 7 FCPATH\index.php(56): CodeIgniter\Boot::bootWeb(Object(Config\Paths))
ERROR - 2024-11-27 07:33:55 --> mysqli_sql_exception: Unknown column 'id' in 'where clause' in C:\xampp\htdocs\ddcproject\system\Database\MySQLi\Connection.php:312
Stack trace:
#0 C:\xampp\htdocs\ddcproject\system\Database\MySQLi\Connection.php(312): mysqli->query('select * from p...', 0)
#1 C:\xampp\htdocs\ddcproject\system\Database\BaseConnection.php(734): CodeIgniter\Database\MySQLi\Connection->execute('select * from p...')
#2 C:\xampp\htdocs\ddcproject\system\Database\BaseConnection.php(648): CodeIgniter\Database\BaseConnection->simpleQuery('select * from p...')
#3 C:\xampp\htdocs\ddcproject\app\Models\ProgrammeModel.php(17): CodeIgniter\Database\BaseConnection->query('select * from p...')
#4 C:\xampp\htdocs\ddcproject\app\Controllers\Admin.php(218): App\Models\ProgrammeModel->update_user_details('274')
#5 C:\xampp\htdocs\ddcproject\system\CodeIgniter.php(933): App\Controllers\Admin->updateRecord()
#6 C:\xampp\htdocs\ddcproject\system\CodeIgniter.php(509): CodeIgniter\CodeIgniter->runController(Object(App\Controllers\Admin))
#7 C:\xampp\htdocs\ddcproject\system\CodeIgniter.php(355): CodeIgniter\CodeIgniter->handleRequest(NULL, Object(Config\Cache), false)
#8 C:\xampp\htdocs\ddcproject\system\Boot.php(325): CodeIgniter\CodeIgniter->run()
#9 C:\xampp\htdocs\ddcproject\system\Boot.php(67): CodeIgniter\Boot::runCodeIgniter(Object(CodeIgniter\CodeIgniter))
#10 C:\xampp\htdocs\ddcproject\index.php(56): CodeIgniter\Boot::bootWeb(Object(Config\Paths))
#11 {main}
CRITICAL - 2024-11-27 07:33:55 --> CodeIgniter\Database\Exceptions\DatabaseException: Unknown column 'id' in 'where clause'
[Method: GET, Route: admin/get-data-for-update]
in SYSTEMPATH\Database\BaseConnection.php on line 688.
 1 APPPATH\Models\ProgrammeModel.php(17): CodeIgniter\Database\BaseConnection->query('select * from programme_info where id=\'274\' ')
 2 APPPATH\Controllers\Admin.php(218): App\Models\ProgrammeModel->update_user_details('274')
 3 SYSTEMPATH\CodeIgniter.php(933): App\Controllers\Admin->updateRecord()
 4 SYSTEMPATH\CodeIgniter.php(509): CodeIgniter\CodeIgniter->runController(Object(App\Controllers\Admin))
 5 SYSTEMPATH\CodeIgniter.php(355): CodeIgniter\CodeIgniter->handleRequest(null, Object(Config\Cache), false)
 6 SYSTEMPATH\Boot.php(325): CodeIgniter\CodeIgniter->run()
 7 SYSTEMPATH\Boot.php(67): CodeIgniter\Boot::runCodeIgniter(Object(CodeIgniter\CodeIgniter))
 8 FCPATH\index.php(56): CodeIgniter\Boot::bootWeb(Object(Config\Paths))
CRITICAL - 2024-11-27 07:33:55 --> [Caused by] CodeIgniter\Database\Exceptions\DatabaseException: Unknown column 'id' in 'where clause'
in SYSTEMPATH\Database\MySQLi\Connection.php on line 317.
 1 SYSTEMPATH\Database\BaseConnection.php(734): CodeIgniter\Database\MySQLi\Connection->execute('select * from programme_info where id=\'274\' ')
 2 SYSTEMPATH\Database\BaseConnection.php(648): CodeIgniter\Database\BaseConnection->simpleQuery('select * from programme_info where id=\'274\' ')
 3 APPPATH\Models\ProgrammeModel.php(17): CodeIgniter\Database\BaseConnection->query('select * from programme_info where id=\'274\' ')
 4 APPPATH\Controllers\Admin.php(218): App\Models\ProgrammeModel->update_user_details('274')
 5 SYSTEMPATH\CodeIgniter.php(933): App\Controllers\Admin->updateRecord()
 6 SYSTEMPATH\CodeIgniter.php(509): CodeIgniter\CodeIgniter->runController(Object(App\Controllers\Admin))
 7 SYSTEMPATH\CodeIgniter.php(355): CodeIgniter\CodeIgniter->handleRequest(null, Object(Config\Cache), false)
 8 SYSTEMPATH\Boot.php(325): CodeIgniter\CodeIgniter->run()
 9 SYSTEMPATH\Boot.php(67): CodeIgniter\Boot::runCodeIgniter(Object(CodeIgniter\CodeIgniter))
10 FCPATH\index.php(56): CodeIgniter\Boot::bootWeb(Object(Config\Paths))
CRITICAL - 2024-11-27 07:33:55 --> [Caused by] mysqli_sql_exception: Unknown column 'id' in 'where clause'
in SYSTEMPATH\Database\MySQLi\Connection.php on line 312.
 1 SYSTEMPATH\Database\MySQLi\Connection.php(312): mysqli->query('select * from programme_info where id=\'274\' ', 0)
 2 SYSTEMPATH\Database\BaseConnection.php(734): CodeIgniter\Database\MySQLi\Connection->execute('select * from programme_info where id=\'274\' ')
 3 SYSTEMPATH\Database\BaseConnection.php(648): CodeIgniter\Database\BaseConnection->simpleQuery('select * from programme_info where id=\'274\' ')
 4 APPPATH\Models\ProgrammeModel.php(17): CodeIgniter\Database\BaseConnection->query('select * from programme_info where id=\'274\' ')
 5 APPPATH\Controllers\Admin.php(218): App\Models\ProgrammeModel->update_user_details('274')
 6 SYSTEMPATH\CodeIgniter.php(933): App\Controllers\Admin->updateRecord()
 7 SYSTEMPATH\CodeIgniter.php(509): CodeIgniter\CodeIgniter->runController(Object(App\Controllers\Admin))
 8 SYSTEMPATH\CodeIgniter.php(355): CodeIgniter\CodeIgniter->handleRequest(null, Object(Config\Cache), false)
 9 SYSTEMPATH\Boot.php(325): CodeIgniter\CodeIgniter->run()
10 SYSTEMPATH\Boot.php(67): CodeIgniter\Boot::runCodeIgniter(Object(CodeIgniter\CodeIgniter))
11 FCPATH\index.php(56): CodeIgniter\Boot::bootWeb(Object(Config\Paths))
ERROR - 2024-11-27 07:34:38 --> mysqli_sql_exception: Unknown column 'id' in 'where clause' in C:\xampp\htdocs\ddcproject\system\Database\MySQLi\Connection.php:312
Stack trace:
#0 C:\xampp\htdocs\ddcproject\system\Database\MySQLi\Connection.php(312): mysqli->query('select * from p...', 0)
#1 C:\xampp\htdocs\ddcproject\system\Database\BaseConnection.php(734): CodeIgniter\Database\MySQLi\Connection->execute('select * from p...')
#2 C:\xampp\htdocs\ddcproject\system\Database\BaseConnection.php(648): CodeIgniter\Database\BaseConnection->simpleQuery('select * from p...')
#3 C:\xampp\htdocs\ddcproject\app\Models\ProgrammeModel.php(17): CodeIgniter\Database\BaseConnection->query('select * from p...')
#4 C:\xampp\htdocs\ddcproject\app\Controllers\Admin.php(218): App\Models\ProgrammeModel->update_user_details('274')
#5 C:\xampp\htdocs\ddcproject\system\CodeIgniter.php(933): App\Controllers\Admin->updateRecord()
#6 C:\xampp\htdocs\ddcproject\system\CodeIgniter.php(509): CodeIgniter\CodeIgniter->runController(Object(App\Controllers\Admin))
#7 C:\xampp\htdocs\ddcproject\system\CodeIgniter.php(355): CodeIgniter\CodeIgniter->handleRequest(NULL, Object(Config\Cache), false)
#8 C:\xampp\htdocs\ddcproject\system\Boot.php(325): CodeIgniter\CodeIgniter->run()
#9 C:\xampp\htdocs\ddcproject\system\Boot.php(67): CodeIgniter\Boot::runCodeIgniter(Object(CodeIgniter\CodeIgniter))
#10 C:\xampp\htdocs\ddcproject\index.php(56): CodeIgniter\Boot::bootWeb(Object(Config\Paths))
#11 {main}
CRITICAL - 2024-11-27 07:34:38 --> CodeIgniter\Database\Exceptions\DatabaseException: Unknown column 'id' in 'where clause'
[Method: GET, Route: admin/get-data-for-update]
in SYSTEMPATH\Database\BaseConnection.php on line 688.
 1 APPPATH\Models\ProgrammeModel.php(17): CodeIgniter\Database\BaseConnection->query('select * from programme_info where id=\'274\' ')
 2 APPPATH\Controllers\Admin.php(218): App\Models\ProgrammeModel->update_user_details('274')
 3 SYSTEMPATH\CodeIgniter.php(933): App\Controllers\Admin->updateRecord()
 4 SYSTEMPATH\CodeIgniter.php(509): CodeIgniter\CodeIgniter->runController(Object(App\Controllers\Admin))
 5 SYSTEMPATH\CodeIgniter.php(355): CodeIgniter\CodeIgniter->handleRequest(null, Object(Config\Cache), false)
 6 SYSTEMPATH\Boot.php(325): CodeIgniter\CodeIgniter->run()
 7 SYSTEMPATH\Boot.php(67): CodeIgniter\Boot::runCodeIgniter(Object(CodeIgniter\CodeIgniter))
 8 FCPATH\index.php(56): CodeIgniter\Boot::bootWeb(Object(Config\Paths))
CRITICAL - 2024-11-27 07:34:38 --> [Caused by] CodeIgniter\Database\Exceptions\DatabaseException: Unknown column 'id' in 'where clause'
in SYSTEMPATH\Database\MySQLi\Connection.php on line 317.
 1 SYSTEMPATH\Database\BaseConnection.php(734): CodeIgniter\Database\MySQLi\Connection->execute('select * from programme_info where id=\'274\' ')
 2 SYSTEMPATH\Database\BaseConnection.php(648): CodeIgniter\Database\BaseConnection->simpleQuery('select * from programme_info where id=\'274\' ')
 3 APPPATH\Models\ProgrammeModel.php(17): CodeIgniter\Database\BaseConnection->query('select * from programme_info where id=\'274\' ')
 4 APPPATH\Controllers\Admin.php(218): App\Models\ProgrammeModel->update_user_details('274')
 5 SYSTEMPATH\CodeIgniter.php(933): App\Controllers\Admin->updateRecord()
 6 SYSTEMPATH\CodeIgniter.php(509): CodeIgniter\CodeIgniter->runController(Object(App\Controllers\Admin))
 7 SYSTEMPATH\CodeIgniter.php(355): CodeIgniter\CodeIgniter->handleRequest(null, Object(Config\Cache), false)
 8 SYSTEMPATH\Boot.php(325): CodeIgniter\CodeIgniter->run()
 9 SYSTEMPATH\Boot.php(67): CodeIgniter\Boot::runCodeIgniter(Object(CodeIgniter\CodeIgniter))
10 FCPATH\index.php(56): CodeIgniter\Boot::bootWeb(Object(Config\Paths))
CRITICAL - 2024-11-27 07:34:38 --> [Caused by] mysqli_sql_exception: Unknown column 'id' in 'where clause'
in SYSTEMPATH\Database\MySQLi\Connection.php on line 312.
 1 SYSTEMPATH\Database\MySQLi\Connection.php(312): mysqli->query('select * from programme_info where id=\'274\' ', 0)
 2 SYSTEMPATH\Database\BaseConnection.php(734): CodeIgniter\Database\MySQLi\Connection->execute('select * from programme_info where id=\'274\' ')
 3 SYSTEMPATH\Database\BaseConnection.php(648): CodeIgniter\Database\BaseConnection->simpleQuery('select * from programme_info where id=\'274\' ')
 4 APPPATH\Models\ProgrammeModel.php(17): CodeIgniter\Database\BaseConnection->query('select * from programme_info where id=\'274\' ')
 5 APPPATH\Controllers\Admin.php(218): App\Models\ProgrammeModel->update_user_details('274')
 6 SYSTEMPATH\CodeIgniter.php(933): App\Controllers\Admin->updateRecord()
 7 SYSTEMPATH\CodeIgniter.php(509): CodeIgniter\CodeIgniter->runController(Object(App\Controllers\Admin))
 8 SYSTEMPATH\CodeIgniter.php(355): CodeIgniter\CodeIgniter->handleRequest(null, Object(Config\Cache), false)
 9 SYSTEMPATH\Boot.php(325): CodeIgniter\CodeIgniter->run()
10 SYSTEMPATH\Boot.php(67): CodeIgniter\Boot::runCodeIgniter(Object(CodeIgniter\CodeIgniter))
11 FCPATH\index.php(56): CodeIgniter\Boot::bootWeb(Object(Config\Paths))
ERROR - 2024-11-27 07:35:16 --> mysqli_sql_exception: Unknown column 'id' in 'where clause' in C:\xampp\htdocs\ddcproject\system\Database\MySQLi\Connection.php:312
Stack trace:
#0 C:\xampp\htdocs\ddcproject\system\Database\MySQLi\Connection.php(312): mysqli->query('select * from p...', 0)
#1 C:\xampp\htdocs\ddcproject\system\Database\BaseConnection.php(734): CodeIgniter\Database\MySQLi\Connection->execute('select * from p...')
#2 C:\xampp\htdocs\ddcproject\system\Database\BaseConnection.php(648): CodeIgniter\Database\BaseConnection->simpleQuery('select * from p...')
#3 C:\xampp\htdocs\ddcproject\app\Models\ProgrammeModel.php(17): CodeIgniter\Database\BaseConnection->query('select * from p...')
#4 C:\xampp\htdocs\ddcproject\app\Controllers\Admin.php(218): App\Models\ProgrammeModel->update_user_details('274')
#5 C:\xampp\htdocs\ddcproject\system\CodeIgniter.php(933): App\Controllers\Admin->updateRecord()
#6 C:\xampp\htdocs\ddcproject\system\CodeIgniter.php(509): CodeIgniter\CodeIgniter->runController(Object(App\Controllers\Admin))
#7 C:\xampp\htdocs\ddcproject\system\CodeIgniter.php(355): CodeIgniter\CodeIgniter->handleRequest(NULL, Object(Config\Cache), false)
#8 C:\xampp\htdocs\ddcproject\system\Boot.php(325): CodeIgniter\CodeIgniter->run()
#9 C:\xampp\htdocs\ddcproject\system\Boot.php(67): CodeIgniter\Boot::runCodeIgniter(Object(CodeIgniter\CodeIgniter))
#10 C:\xampp\htdocs\ddcproject\index.php(56): CodeIgniter\Boot::bootWeb(Object(Config\Paths))
#11 {main}
CRITICAL - 2024-11-27 07:35:16 --> CodeIgniter\Database\Exceptions\DatabaseException: Unknown column 'id' in 'where clause'
[Method: GET, Route: admin/get-data-for-update]
in SYSTEMPATH\Database\BaseConnection.php on line 688.
 1 APPPATH\Models\ProgrammeModel.php(17): CodeIgniter\Database\BaseConnection->query('select * from programme_info where id=274 ')
 2 APPPATH\Controllers\Admin.php(218): App\Models\ProgrammeModel->update_user_details('274')
 3 SYSTEMPATH\CodeIgniter.php(933): App\Controllers\Admin->updateRecord()
 4 SYSTEMPATH\CodeIgniter.php(509): CodeIgniter\CodeIgniter->runController(Object(App\Controllers\Admin))
 5 SYSTEMPATH\CodeIgniter.php(355): CodeIgniter\CodeIgniter->handleRequest(null, Object(Config\Cache), false)
 6 SYSTEMPATH\Boot.php(325): CodeIgniter\CodeIgniter->run()
 7 SYSTEMPATH\Boot.php(67): CodeIgniter\Boot::runCodeIgniter(Object(CodeIgniter\CodeIgniter))
 8 FCPATH\index.php(56): CodeIgniter\Boot::bootWeb(Object(Config\Paths))
CRITICAL - 2024-11-27 07:35:16 --> [Caused by] CodeIgniter\Database\Exceptions\DatabaseException: Unknown column 'id' in 'where clause'
in SYSTEMPATH\Database\MySQLi\Connection.php on line 317.
 1 SYSTEMPATH\Database\BaseConnection.php(734): CodeIgniter\Database\MySQLi\Connection->execute('select * from programme_info where id=274 ')
 2 SYSTEMPATH\Database\BaseConnection.php(648): CodeIgniter\Database\BaseConnection->simpleQuery('select * from programme_info where id=274 ')
 3 APPPATH\Models\ProgrammeModel.php(17): CodeIgniter\Database\BaseConnection->query('select * from programme_info where id=274 ')
 4 APPPATH\Controllers\Admin.php(218): App\Models\ProgrammeModel->update_user_details('274')
 5 SYSTEMPATH\CodeIgniter.php(933): App\Controllers\Admin->updateRecord()
 6 SYSTEMPATH\CodeIgniter.php(509): CodeIgniter\CodeIgniter->runController(Object(App\Controllers\Admin))
 7 SYSTEMPATH\CodeIgniter.php(355): CodeIgniter\CodeIgniter->handleRequest(null, Object(Config\Cache), false)
 8 SYSTEMPATH\Boot.php(325): CodeIgniter\CodeIgniter->run()
 9 SYSTEMPATH\Boot.php(67): CodeIgniter\Boot::runCodeIgniter(Object(CodeIgniter\CodeIgniter))
10 FCPATH\index.php(56): CodeIgniter\Boot::bootWeb(Object(Config\Paths))
CRITICAL - 2024-11-27 07:35:16 --> [Caused by] mysqli_sql_exception: Unknown column 'id' in 'where clause'
in SYSTEMPATH\Database\MySQLi\Connection.php on line 312.
 1 SYSTEMPATH\Database\MySQLi\Connection.php(312): mysqli->query('select * from programme_info where id=274 ', 0)
 2 SYSTEMPATH\Database\BaseConnection.php(734): CodeIgniter\Database\MySQLi\Connection->execute('select * from programme_info where id=274 ')
 3 SYSTEMPATH\Database\BaseConnection.php(648): CodeIgniter\Database\BaseConnection->simpleQuery('select * from programme_info where id=274 ')
 4 APPPATH\Models\ProgrammeModel.php(17): CodeIgniter\Database\BaseConnection->query('select * from programme_info where id=274 ')
 5 APPPATH\Controllers\Admin.php(218): App\Models\ProgrammeModel->update_user_details('274')
 6 SYSTEMPATH\CodeIgniter.php(933): App\Controllers\Admin->updateRecord()
 7 SYSTEMPATH\CodeIgniter.php(509): CodeIgniter\CodeIgniter->runController(Object(App\Controllers\Admin))
 8 SYSTEMPATH\CodeIgniter.php(355): CodeIgniter\CodeIgniter->handleRequest(null, Object(Config\Cache), false)
 9 SYSTEMPATH\Boot.php(325): CodeIgniter\CodeIgniter->run()
10 SYSTEMPATH\Boot.php(67): CodeIgniter\Boot::runCodeIgniter(Object(CodeIgniter\CodeIgniter))
11 FCPATH\index.php(56): CodeIgniter\Boot::bootWeb(Object(Config\Paths))
ERROR - 2024-11-27 07:36:01 --> mysqli_sql_exception: Unknown column 'id' in 'where clause' in C:\xampp\htdocs\ddcproject\system\Database\MySQLi\Connection.php:312
Stack trace:
#0 C:\xampp\htdocs\ddcproject\system\Database\MySQLi\Connection.php(312): mysqli->query('select * from p...', 0)
#1 C:\xampp\htdocs\ddcproject\system\Database\BaseConnection.php(734): CodeIgniter\Database\MySQLi\Connection->execute('select * from p...')
#2 C:\xampp\htdocs\ddcproject\system\Database\BaseConnection.php(648): CodeIgniter\Database\BaseConnection->simpleQuery('select * from p...')
#3 C:\xampp\htdocs\ddcproject\app\Models\ProgrammeModel.php(17): CodeIgniter\Database\BaseConnection->query('select * from p...')
#4 C:\xampp\htdocs\ddcproject\app\Controllers\Admin.php(218): App\Models\ProgrammeModel->update_user_details('274')
#5 C:\xampp\htdocs\ddcproject\system\CodeIgniter.php(933): App\Controllers\Admin->updateRecord()
#6 C:\xampp\htdocs\ddcproject\system\CodeIgniter.php(509): CodeIgniter\CodeIgniter->runController(Object(App\Controllers\Admin))
#7 C:\xampp\htdocs\ddcproject\system\CodeIgniter.php(355): CodeIgniter\CodeIgniter->handleRequest(NULL, Object(Config\Cache), false)
#8 C:\xampp\htdocs\ddcproject\system\Boot.php(325): CodeIgniter\CodeIgniter->run()
#9 C:\xampp\htdocs\ddcproject\system\Boot.php(67): CodeIgniter\Boot::runCodeIgniter(Object(CodeIgniter\CodeIgniter))
#10 C:\xampp\htdocs\ddcproject\index.php(56): CodeIgniter\Boot::bootWeb(Object(Config\Paths))
#11 {main}
CRITICAL - 2024-11-27 07:36:01 --> CodeIgniter\Database\Exceptions\DatabaseException: Unknown column 'id' in 'where clause'
[Method: GET, Route: admin/get-data-for-update]
in SYSTEMPATH\Database\BaseConnection.php on line 688.
 1 APPPATH\Models\ProgrammeModel.php(17): CodeIgniter\Database\BaseConnection->query('select * from programme_info where id="$id" ')
 2 APPPATH\Controllers\Admin.php(218): App\Models\ProgrammeModel->update_user_details('274')
 3 SYSTEMPATH\CodeIgniter.php(933): App\Controllers\Admin->updateRecord()
 4 SYSTEMPATH\CodeIgniter.php(509): CodeIgniter\CodeIgniter->runController(Object(App\Controllers\Admin))
 5 SYSTEMPATH\CodeIgniter.php(355): CodeIgniter\CodeIgniter->handleRequest(null, Object(Config\Cache), false)
 6 SYSTEMPATH\Boot.php(325): CodeIgniter\CodeIgniter->run()
 7 SYSTEMPATH\Boot.php(67): CodeIgniter\Boot::runCodeIgniter(Object(CodeIgniter\CodeIgniter))
 8 FCPATH\index.php(56): CodeIgniter\Boot::bootWeb(Object(Config\Paths))
CRITICAL - 2024-11-27 07:36:01 --> [Caused by] CodeIgniter\Database\Exceptions\DatabaseException: Unknown column 'id' in 'where clause'
in SYSTEMPATH\Database\MySQLi\Connection.php on line 317.
 1 SYSTEMPATH\Database\BaseConnection.php(734): CodeIgniter\Database\MySQLi\Connection->execute('select * from programme_info where id="$id" ')
 2 SYSTEMPATH\Database\BaseConnection.php(648): CodeIgniter\Database\BaseConnection->simpleQuery('select * from programme_info where id="$id" ')
 3 APPPATH\Models\ProgrammeModel.php(17): CodeIgniter\Database\BaseConnection->query('select * from programme_info where id="$id" ')
 4 APPPATH\Controllers\Admin.php(218): App\Models\ProgrammeModel->update_user_details('274')
 5 SYSTEMPATH\CodeIgniter.php(933): App\Controllers\Admin->updateRecord()
 6 SYSTEMPATH\CodeIgniter.php(509): CodeIgniter\CodeIgniter->runController(Object(App\Controllers\Admin))
 7 SYSTEMPATH\CodeIgniter.php(355): CodeIgniter\CodeIgniter->handleRequest(null, Object(Config\Cache), false)
 8 SYSTEMPATH\Boot.php(325): CodeIgniter\CodeIgniter->run()
 9 SYSTEMPATH\Boot.php(67): CodeIgniter\Boot::runCodeIgniter(Object(CodeIgniter\CodeIgniter))
10 FCPATH\index.php(56): CodeIgniter\Boot::bootWeb(Object(Config\Paths))
CRITICAL - 2024-11-27 07:36:01 --> [Caused by] mysqli_sql_exception: Unknown column 'id' in 'where clause'
in SYSTEMPATH\Database\MySQLi\Connection.php on line 312.
 1 SYSTEMPATH\Database\MySQLi\Connection.php(312): mysqli->query('select * from programme_info where id="$id" ', 0)
 2 SYSTEMPATH\Database\BaseConnection.php(734): CodeIgniter\Database\MySQLi\Connection->execute('select * from programme_info where id="$id" ')
 3 SYSTEMPATH\Database\BaseConnection.php(648): CodeIgniter\Database\BaseConnection->simpleQuery('select * from programme_info where id="$id" ')
 4 APPPATH\Models\ProgrammeModel.php(17): CodeIgniter\Database\BaseConnection->query('select * from programme_info where id="$id" ')
 5 APPPATH\Controllers\Admin.php(218): App\Models\ProgrammeModel->update_user_details('274')
 6 SYSTEMPATH\CodeIgniter.php(933): App\Controllers\Admin->updateRecord()
 7 SYSTEMPATH\CodeIgniter.php(509): CodeIgniter\CodeIgniter->runController(Object(App\Controllers\Admin))
 8 SYSTEMPATH\CodeIgniter.php(355): CodeIgniter\CodeIgniter->handleRequest(null, Object(Config\Cache), false)
 9 SYSTEMPATH\Boot.php(325): CodeIgniter\CodeIgniter->run()
10 SYSTEMPATH\Boot.php(67): CodeIgniter\Boot::runCodeIgniter(Object(CodeIgniter\CodeIgniter))
11 FCPATH\index.php(56): CodeIgniter\Boot::bootWeb(Object(Config\Paths))
INFO - 2024-11-27 09:04:49 --> Session: Class initialized using 'CodeIgniter\Session\Handlers\FileHandler' driver.
INFO - 2024-11-27 09:04:54 --> Session: Class initialized using 'CodeIgniter\Session\Handlers\FileHandler' driver.
INFO - 2024-11-27 10:30:19 --> Session: Class initialized using 'CodeIgniter\Session\Handlers\FileHandler' driver.
